# JRE version: Java(TM) SE Runtime Environment (8.0_181-b13) (build 1.8.0_181-b13)
# Java VM: Java HotSpot(TM) 64-Bit Server VM (25.181-b13 mixed mode windows-amd64 compressed oops)
Heap:
 PSYoungGen      total 34816K, used 14776K [0x00000000d5a00000, 0x00000000d8000000, 0x0000000100000000)
  eden space 32768K, 40% used [0x00000000d5a00000,0x00000000d66e53c8,0x00000000d7a00000)
  from space 2048K, 76% used [0x00000000d7a80000,0x00000000d7c09030,0x00000000d7c80000)
  to   space 2048K, 0% used [0x00000000d7e00000,0x00000000d7e00000,0x00000000d8000000)
 ParOldGen       total 87552K, used 39849K [0x0000000080e00000, 0x0000000086380000, 0x00000000d5a00000)
  object space 87552K, 45% used [0x0000000080e00000,0x00000000834ea5f0,0x0000000086380000)
 Metaspace       used 10499K, capacity 10690K, committed 10880K, reserved 1058816K
  class space    used 1251K, capacity 1319K, committed 1408K, reserved 1048576K
GC Heap History (10 events):
Event: 1.314 GC heap before
{Heap before GC invocations=1 (full 0):
 PSYoungGen      total 38400K, used 33276K [0x00000000d5a00000, 0x00000000d8480000, 0x0000000100000000)
  eden space 33280K, 99% used [0x00000000d5a00000,0x00000000d7a7f228,0x00000000d7a80000)
  from space 5120K, 0% used [0x00000000d7f80000,0x00000000d7f80000,0x00000000d8480000)
  to   space 5120K, 0% used [0x00000000d7a80000,0x00000000d7a80000,0x00000000d7f80000)
 ParOldGen       total 87552K, used 0K [0x0000000080e00000, 0x0000000086380000, 0x00000000d5a00000)
  object space 87552K, 0% used [0x0000000080e00000,0x0000000080e00000,0x0000000086380000)
 Metaspace       used 9826K, capacity 10044K, committed 10240K, reserved 1058816K
  class space    used 1183K, capacity 1254K, committed 1280K, reserved 1048576K
Event: 1.320 GC heap after
Heap after GC invocations=1 (full 0):
 PSYoungGen      total 38400K, used 1604K [0x00000000d5a00000, 0x00000000d8480000, 0x0000000100000000)
  eden space 33280K, 0% used [0x00000000d5a00000,0x00000000d5a00000,0x00000000d7a80000)
  from space 5120K, 31% used [0x00000000d7a80000,0x00000000d7c11010,0x00000000d7f80000)
  to   space 5120K, 0% used [0x00000000d7f80000,0x00000000d7f80000,0x00000000d8480000)
 ParOldGen       total 87552K, used 19912K [0x0000000080e00000, 0x0000000086380000, 0x00000000d5a00000)
  object space 87552K, 22% used [0x0000000080e00000,0x00000000821722f8,0x0000000086380000)
 Metaspace       used 9826K, capacity 10044K, committed 10240K, reserved 1058816K
  class space    used 1183K, capacity 1254K, committed 1280K, reserved 1048576K
}
Event: 1.653 GC heap before
{Heap before GC invocations=2 (full 0):
 PSYoungGen      total 38400K, used 34884K [0x00000000d5a00000, 0x00000000d8480000, 0x0000000100000000)
  eden space 33280K, 100% used [0x00000000d5a00000,0x00000000d7a80000,0x00000000d7a80000)
  from space 5120K, 31% used [0x00000000d7a80000,0x00000000d7c11010,0x00000000d7f80000)
  to   space 5120K, 0% used [0x00000000d7f80000,0x00000000d7f80000,0x00000000d8480000)
 ParOldGen       total 87552K, used 19912K [0x0000000080e00000, 0x0000000086380000, 0x00000000d5a00000)
  object space 87552K, 22% used [0x0000000080e00000,0x00000000821722f8,0x0000000086380000)
 Metaspace       used 9909K, capacity 10108K, committed 10240K, reserved 1058816K
  class space    used 1183K, capacity 1254K, committed 1280K, reserved 1048576K
Event: 1.655 GC heap after
Heap after GC invocations=2 (full 0):
 PSYoungGen      total 38400K, used 1556K [0x00000000d5a00000, 0x00000000d8480000, 0x0000000100000000)
  eden space 33280K, 0% used [0x00000000d5a00000,0x00000000d5a00000,0x00000000d7a80000)
  from space 5120K, 30% used [0x00000000d7f80000,0x00000000d8105020,0x00000000d8480000)
  to   space 5120K, 0% used [0x00000000d7a80000,0x00000000d7a80000,0x00000000d7f80000)
 ParOldGen       total 87552K, used 19920K [0x0000000080e00000, 0x0000000086380000, 0x00000000d5a00000)
  object space 87552K, 22% used [0x0000000080e00000,0x00000000821742f8,0x0000000086380000)
 Metaspace       used 9909K, capacity 10108K, committed 10240K, reserved 1058816K
  class space    used 1183K, capacity 1254K, committed 1280K, reserved 1048576K
}
Event: 1.954 GC heap before
{Heap before GC invocations=3 (full 0):
 PSYoungGen      total 38400K, used 34836K [0x00000000d5a00000, 0x00000000d8480000, 0x0000000100000000)
  eden space 33280K, 100% used [0x00000000d5a00000,0x00000000d7a80000,0x00000000d7a80000)
  from space 5120K, 30% used [0x00000000d7f80000,0x00000000d8105020,0x00000000d8480000)
  to   space 5120K, 0% used [0x00000000d7a80000,0x00000000d7a80000,0x00000000d7f80000)
 ParOldGen       total 87552K, used 19920K [0x0000000080e00000, 0x0000000086380000, 0x00000000d5a00000)
  object space 87552K, 22% used [0x0000000080e00000,0x00000000821742f8,0x0000000086380000)
 Metaspace       used 9914K, capacity 10108K, committed 10240K, reserved 1058816K
  class space    used 1183K, capacity 1254K, committed 1280K, reserved 1048576K
Event: 1.959 GC heap after
Heap after GC invocations=3 (full 0):
 PSYoungGen      total 38400K, used 1572K [0x00000000d5a00000, 0x00000000d8480000, 0x0000000100000000)
  eden space 33280K, 0% used [0x00000000d5a00000,0x00000000d5a00000,0x00000000d7a80000)
  from space 5120K, 30% used [0x00000000d7a80000,0x00000000d7c09030,0x00000000d7f80000)
  to   space 5120K, 0% used [0x00000000d7f80000,0x00000000d7f80000,0x00000000d8480000)
 ParOldGen       total 87552K, used 39833K [0x0000000080e00000, 0x0000000086380000, 0x00000000d5a00000)
  object space 87552K, 45% used [0x0000000080e00000,0x00000000834e65f0,0x0000000086380000)
 Metaspace       used 9914K, capacity 10108K, committed 10240K, reserved 1058816K
  class space    used 1183K, capacity 1254K, committed 1280K, reserved 1048576K
}
Event: 2.276 GC heap before
{Heap before GC invocations=4 (full 0):
 PSYoungGen      total 38400K, used 34852K [0x00000000d5a00000, 0x00000000d8480000, 0x0000000100000000)
  eden space 33280K, 100% used [0x00000000d5a00000,0x00000000d7a80000,0x00000000d7a80000)
  from space 5120K, 30% used [0x00000000d7a80000,0x00000000d7c09030,0x00000000d7f80000)
  to   space 5120K, 0% used [0x00000000d7f80000,0x00000000d7f80000,0x00000000d8480000)
 ParOldGen       total 87552K, used 39833K [0x0000000080e00000, 0x0000000086380000, 0x00000000d5a00000)
  object space 87552K, 45% used [0x0000000080e00000,0x00000000834e65f0,0x0000000086380000)
 Metaspace       used 9914K, capacity 10108K, committed 10240K, reserved 1058816K
  class space    used 1183K, capacity 1254K, committed 1280K, reserved 1048576K
Event: 2.278 GC heap after
Heap after GC invocations=4 (full 0):
 PSYoungGen      total 38400K, used 1588K [0x00000000d5a00000, 0x00000000d8480000, 0x0000000100000000)
  eden space 33280K, 0% used [0x00000000d5a00000,0x00000000d5a00000,0x00000000d7a80000)
  from space 5120K, 31% used [0x00000000d7f80000,0x00000000d810d020,0x00000000d8480000)
  to   space 5120K, 0% used [0x00000000d7a80000,0x00000000d7a80000,0x00000000d7f80000)
 ParOldGen       total 87552K, used 39841K [0x0000000080e00000, 0x0000000086380000, 0x00000000d5a00000)
  object space 87552K, 45% used [0x0000000080e00000,0x00000000834e85f0,0x0000000086380000)
 Metaspace       used 9914K, capacity 10108K, committed 10240K, reserved 1058816K
  class space    used 1183K, capacity 1254K, committed 1280K, reserved 1048576K
}
Event: 2.600 GC heap before
{Heap before GC invocations=5 (full 0):
 PSYoungGen      total 38400K, used 34868K [0x00000000d5a00000, 0x00000000d8480000, 0x0000000100000000)
  eden space 33280K, 100% used [0x00000000d5a00000,0x00000000d7a80000,0x00000000d7a80000)
  from space 5120K, 31% used [0x00000000d7f80000,0x00000000d810d020,0x00000000d8480000)
  to   space 5120K, 0% used [0x00000000d7a80000,0x00000000d7a80000,0x00000000d7f80000)
 ParOldGen       total 87552K, used 39841K [0x0000000080e00000, 0x0000000086380000, 0x00000000d5a00000)
  object space 87552K, 45% used [0x0000000080e00000,0x00000000834e85f0,0x0000000086380000)
 Metaspace       used 9914K, capacity 10108K, committed 10240K, reserved 1058816K
  class space    used 1183K, capacity 1254K, committed 1280K, reserved 1048576K
Event: 2.601 GC heap after
Heap after GC invocations=5 (full 0):
 PSYoungGen      total 34816K, used 1572K [0x00000000d5a00000, 0x00000000d8000000, 0x0000000100000000)
  eden space 32768K, 0% used [0x00000000d5a00000,0x00000000d5a00000,0x00000000d7a00000)
  from space 2048K, 76% used [0x00000000d7a80000,0x00000000d7c09030,0x00000000d7c80000)
  to   space 2048K, 0% used [0x00000000d7e00000,0x00000000d7e00000,0x00000000d8000000)
 ParOldGen       total 87552K, used 39849K [0x0000000080e00000, 0x0000000086380000, 0x00000000d5a00000)
  object space 87552K, 45% used [0x0000000080e00000,0x00000000834ea5f0,0x0000000086380000)
 Metaspace       used 9914K, capacity 10108K, committed 10240K, reserved 1058816K
  class space    used 1183K, capacity 1254K, committed 1280K, reserved 1048576K
}

